# JRE version: OpenJDK Runtime Environment (8.0_112-b06) (build 1.8.0_112-release-b06)
# Java VM: OpenJDK 64-Bit Server VM (25.112-b06 mixed mode windows-amd64 compressed oops)
Heap:
 PSYoungGen      total 478208K, used 36891K [0x00000000e0000000, 0x0000000100000000, 0x0000000100000000)
  eden space 448512K, 8% used [0x00000000e0000000,0x00000000e2406f90,0x00000000fb600000)
  from space 29696K, 0% used [0x00000000fb600000,0x00000000fb600000,0x00000000fd300000)
  to   space 36864K, 0% used [0x00000000fdc00000,0x00000000fdc00000,0x0000000100000000)
 ParOldGen       total 121344K, used 68053K [0x00000000a0000000, 0x00000000a7680000, 0x00000000e0000000)
  object space 121344K, 56% used [0x00000000a0000000,0x00000000a42754d0,0x00000000a7680000)
 Metaspace       used 72494K, capacity 76060K, committed 78336K, reserved 1118208K
  class space    used 9171K, capacity 9701K, committed 10240K, reserved 1048576K
GC Heap History (10 events):
Event: 3180.127 GC heap before
{Heap before GC invocations=19 (full 3):
 PSYoungGen      total 483328K, used 483130K [0x00000000e0000000, 0x0000000100000000, 0x0000000100000000)
  eden space 460800K, 100% used [0x00000000e0000000,0x00000000fc200000,0x00000000fc200000)
  from space 22528K, 99% used [0x00000000fc200000,0x00000000fd7ce8b8,0x00000000fd800000)
  to   space 32768K, 0% used [0x00000000fe000000,0x00000000fe000000,0x0000000100000000)
 ParOldGen       total 82944K, used 64367K [0x00000000a0000000, 0x00000000a5100000, 0x00000000e0000000)
  object space 82944K, 77% used [0x00000000a0000000,0x00000000a3edbca0,0x00000000a5100000)
 Metaspace       used 72747K, capacity 76306K, committed 76416K, reserved 1116160K
  class space    used 9385K, capacity 10044K, committed 10112K, reserved 1048576K
Event: 3180.192 GC heap after
Heap after GC invocations=19 (full 3):
 PSYoungGen      total 493056K, used 13139K [0x00000000e0000000, 0x0000000100000000, 0x0000000100000000)
  eden space 460288K, 0% used [0x00000000e0000000,0x00000000e0000000,0x00000000fc180000)
  from space 32768K, 40% used [0x00000000fe000000,0x00000000fecd4c80,0x0000000100000000)
  to   space 31232K, 0% used [0x00000000fc180000,0x00000000fc180000,0x00000000fe000000)
 ParOldGen       total 82944K, used 64631K [0x00000000a0000000, 0x00000000a5100000, 0x00000000e0000000)
  object space 82944K, 77% used [0x00000000a0000000,0x00000000a3f1dcb8,0x00000000a5100000)
 Metaspace       used 72747K, capacity 76306K, committed 76416K, reserved 1116160K
  class space    used 9385K, capacity 10044K, committed 10112K, reserved 1048576K
}
Event: 3512.929 GC heap before
{Heap before GC invocations=20 (full 3):
 PSYoungGen      total 493056K, used 473427K [0x00000000e0000000, 0x0000000100000000, 0x0000000100000000)
  eden space 460288K, 100% used [0x00000000e0000000,0x00000000fc180000,0x00000000fc180000)
  from space 32768K, 40% used [0x00000000fe000000,0x00000000fecd4c80,0x0000000100000000)
  to   space 31232K, 0% used [0x00000000fc180000,0x00000000fc180000,0x00000000fe000000)
 ParOldGen       total 82944K, used 64631K [0x00000000a0000000, 0x00000000a5100000, 0x00000000e0000000)
  object space 82944K, 77% used [0x00000000a0000000,0x00000000a3f1dcb8,0x00000000a5100000)
 Metaspace       used 73377K, capacity 77520K, committed 77824K, reserved 1116160K
  class space    used 9474K, capacity 10189K, committed 10240K, reserved 1048576K
Event: 3512.987 GC heap after
Heap after GC invocations=20 (full 3):
 PSYoungGen      total 491520K, used 18124K [0x00000000e0000000, 0x00000000ffe80000, 0x0000000100000000)
  eden space 460288K, 0% used [0x00000000e0000000,0x00000000e0000000,0x00000000fc180000)
  from space 31232K, 58% used [0x00000000fc180000,0x00000000fd3331f0,0x00000000fe000000)
  to   space 31232K, 0% used [0x00000000fe000000,0x00000000fe000000,0x00000000ffe80000)
 ParOldGen       total 82944K, used 64639K [0x00000000a0000000, 0x00000000a5100000, 0x00000000e0000000)
  object space 82944K, 77% used [0x00000000a0000000,0x00000000a3f1fcb8,0x00000000a5100000)
 Metaspace       used 73377K, capacity 77520K, committed 77824K, reserved 1116160K
  class space    used 9474K, capacity 10189K, committed 10240K, reserved 1048576K
}
Event: 5243.570 GC heap before
{Heap before GC invocations=21 (full 3):
 PSYoungGen      total 491520K, used 478412K [0x00000000e0000000, 0x00000000ffe80000, 0x0000000100000000)
  eden space 460288K, 100% used [0x00000000e0000000,0x00000000fc180000,0x00000000fc180000)
  from space 31232K, 58% used [0x00000000fc180000,0x00000000fd3331f0,0x00000000fe000000)
  to   space 31232K, 0% used [0x00000000fe000000,0x00000000fe000000,0x00000000ffe80000)
 ParOldGen       total 82944K, used 64639K [0x00000000a0000000, 0x00000000a5100000, 0x00000000e0000000)
  object space 82944K, 77% used [0x00000000a0000000,0x00000000a3f1fcb8,0x00000000a5100000)
 Metaspace       used 73691K, capacity 78020K, committed 78080K, reserved 1118208K
  class space    used 9501K, capacity 10225K, committed 10240K, reserved 1048576K
Event: 5244.650 GC heap after
Heap after GC invocations=21 (full 3):
 PSYoungGen      total 455168K, used 15998K [0x00000000e0000000, 0x00000000ff000000, 0x0000000100000000)
  eden space 438784K, 0% used [0x00000000e0000000,0x00000000e0000000,0x00000000fac80000)
  from space 16384K, 97% used [0x00000000fe000000,0x00000000fef9fa68,0x00000000ff000000)
  to   space 29696K, 0% used [0x00000000fb600000,0x00000000fb600000,0x00000000fd300000)
 ParOldGen       total 82944K, used 64647K [0x00000000a0000000, 0x00000000a5100000, 0x00000000e0000000)
  object space 82944K, 77% used [0x00000000a0000000,0x00000000a3f21cb8,0x00000000a5100000)
 Metaspace       used 73691K, capacity 78020K, committed 78080K, reserved 1118208K
  class space    used 9501K, capacity 10225K, committed 10240K, reserved 1048576K
}
Event: 5281.983 GC heap before
{Heap before GC invocations=22 (full 3):
 PSYoungGen      total 455168K, used 454782K [0x00000000e0000000, 0x00000000ff000000, 0x0000000100000000)
  eden space 438784K, 100% used [0x00000000e0000000,0x00000000fac80000,0x00000000fac80000)
  from space 16384K, 97% used [0x00000000fe000000,0x00000000fef9fa68,0x00000000ff000000)
  to   space 29696K, 0% used [0x00000000fb600000,0x00000000fb600000,0x00000000fd300000)
 ParOldGen       total 82944K, used 64647K [0x00000000a0000000, 0x00000000a5100000, 0x00000000e0000000)
  object space 82944K, 77% used [0x00000000a0000000,0x00000000a3f21cb8,0x00000000a5100000)
 Metaspace       used 73884K, capacity 78228K, committed 78336K, reserved 1118208K
  class space    used 9502K, capacity 10227K, committed 10240K, reserved 1048576K
Event: 5282.718 GC heap after
Heap after GC invocations=22 (full 3):
 PSYoungGen      total 478208K, used 29685K [0x00000000e0000000, 0x0000000100000000, 0x0000000100000000)
  eden space 448512K, 0% used [0x00000000e0000000,0x00000000e0000000,0x00000000fb600000)
  from space 29696K, 99% used [0x00000000fb600000,0x00000000fd2fd7d8,0x00000000fd300000)
  to   space 36864K, 0% used [0x00000000fdc00000,0x00000000fdc00000,0x0000000100000000)
 ParOldGen       total 82944K, used 72138K [0x00000000a0000000, 0x00000000a5100000, 0x00000000e0000000)
  object space 82944K, 86% used [0x00000000a0000000,0x00000000a4672938,0x00000000a5100000)
 Metaspace       used 73884K, capacity 78228K, committed 78336K, reserved 1118208K
  class space    used 9502K, capacity 10227K, committed 10240K, reserved 1048576K
}
Event: 5283.586 GC heap before
{Heap before GC invocations=23 (full 4):
 PSYoungGen      total 478208K, used 29685K [0x00000000e0000000, 0x0000000100000000, 0x0000000100000000)
  eden space 448512K, 0% used [0x00000000e0000000,0x00000000e0000000,0x00000000fb600000)
  from space 29696K, 99% used [0x00000000fb600000,0x00000000fd2fd7d8,0x00000000fd300000)
  to   space 36864K, 0% used [0x00000000fdc00000,0x00000000fdc00000,0x0000000100000000)
 ParOldGen       total 82944K, used 72138K [0x00000000a0000000, 0x00000000a5100000, 0x00000000e0000000)
  object space 82944K, 86% used [0x00000000a0000000,0x00000000a4672938,0x00000000a5100000)
 Metaspace       used 73884K, capacity 78228K, committed 78336K, reserved 1118208K
  class space    used 9502K, capacity 10227K, committed 10240K, reserved 1048576K
Event: 5293.132 GC heap after
Heap after GC invocations=23 (full 4):
 PSYoungGen      total 478208K, used 0K [0x00000000e0000000, 0x0000000100000000, 0x0000000100000000)
  eden space 448512K, 0% used [0x00000000e0000000,0x00000000e0000000,0x00000000fb600000)
  from space 29696K, 0% used [0x00000000fb600000,0x00000000fb600000,0x00000000fd300000)
  to   space 36864K, 0% used [0x00000000fdc00000,0x00000000fdc00000,0x0000000100000000)
 ParOldGen       total 121344K, used 68053K [0x00000000a0000000, 0x00000000a7680000, 0x00000000e0000000)
  object space 121344K, 56% used [0x00000000a0000000,0x00000000a42754d0,0x00000000a7680000)
 Metaspace       used 72352K, capacity 75814K, committed 78336K, reserved 1118208K
  class space    used 9165K, capacity 9692K, committed 10240K, reserved 1048576K
}

